<?xml version="1.0" encoding="UTF-8"?>
<coverage generated="1774944650">
  <project timestamp="1774944650" name="Clover Coverage">
    <package name="DebugBundle">
      <file name="/app/src/DebugBundle.php">
        <class name="DebugBundle\DebugBundle" namespace="DebugBundle">
          <metrics complexity="14" methods="13" coveredmethods="13" conditionals="0" coveredconditionals="0" statements="15" coveredstatements="15" elements="28" coveredelements="28"/>
        </class>
        <line num="12" type="method" name="init" visibility="public" complexity="1" crap="1" count="1"/>
        <line num="14" type="stmt" count="1"/>
        <line num="18" type="method" name="captureException" visibility="public" complexity="1" crap="1" count="1"/>
        <line num="20" type="stmt" count="1"/>
        <line num="24" type="method" name="captureError" visibility="public" complexity="1" crap="1" count="1"/>
        <line num="26" type="stmt" count="1"/>
        <line num="30" type="method" name="captureLog" visibility="public" complexity="1" crap="1" count="1"/>
        <line num="32" type="stmt" count="1"/>
        <line num="40" type="method" name="captureRequest" visibility="public" complexity="1" crap="1" count="1"/>
        <line num="42" type="stmt" count="1"/>
        <line num="46" type="method" name="captureMessage" visibility="public" complexity="1" crap="1" count="1"/>
        <line num="48" type="stmt" count="1"/>
        <line num="51" type="method" name="setContext" visibility="public" complexity="1" crap="1" count="1"/>
        <line num="53" type="stmt" count="1"/>
        <line num="56" type="method" name="flush" visibility="public" complexity="1" crap="1" count="2"/>
        <line num="58" type="stmt" count="2"/>
        <line num="62" type="method" name="probe" visibility="public" complexity="1" crap="1" count="1"/>
        <line num="64" type="stmt" count="1"/>
        <line num="67" type="method" name="captureErrors" visibility="public" complexity="1" crap="1" count="1"/>
        <line num="69" type="stmt" count="1"/>
        <line num="72" type="method" name="captureExceptions" visibility="public" complexity="1" crap="1" count="1"/>
        <line num="74" type="stmt" count="1"/>
        <line num="77" type="method" name="captureShutdown" visibility="public" complexity="1" crap="1" count="1"/>
        <line num="79" type="stmt" count="1"/>
        <line num="82" type="method" name="sdk" visibility="private" complexity="2" crap="2" count="2"/>
        <line num="84" type="stmt" count="2"/>
        <line num="85" type="stmt" count="1"/>
        <line num="88" type="stmt" count="2"/>
        <metrics loc="90" ncloc="79" classes="1" methods="13" coveredmethods="13" conditionals="0" coveredconditionals="0" statements="15" coveredstatements="15" elements="28" coveredelements="28"/>
      </file>
      <file name="/app/src/DebugBundleSdk.php">
        <class name="DebugBundle\DebugBundleSdk" namespace="DebugBundle">
          <metrics complexity="147" methods="38" coveredmethods="28" conditionals="0" coveredconditionals="0" statements="370" coveredstatements="336" elements="408" coveredelements="364"/>
        </class>
        <line num="73" type="method" name="__construct" visibility="public" complexity="2" crap="2.01" count="26"/>
        <line num="75" type="stmt" count="26"/>
        <line num="76" type="stmt" count="26"/>
        <line num="77" type="stmt" count="0"/>
        <line num="78" type="stmt" count="26"/>
        <line num="79" type="stmt" count="26"/>
        <line num="80" type="stmt" count="26"/>
        <line num="81" type="stmt" count="26"/>
        <line num="85" type="method" name="init" visibility="public" complexity="8" crap="8" count="24"/>
        <line num="87" type="stmt" count="24"/>
        <line num="89" type="stmt" count="24"/>
        <line num="90" type="stmt" count="24"/>
        <line num="91" type="stmt" count="24"/>
        <line num="92" type="stmt" count="24"/>
        <line num="93" type="stmt" count="24"/>
        <line num="94" type="stmt" count="24"/>
        <line num="95" type="stmt" count="24"/>
        <line num="96" type="stmt" count="24"/>
        <line num="97" type="stmt" count="24"/>
        <line num="98" type="stmt" count="24"/>
        <line num="99" type="stmt" count="24"/>
        <line num="100" type="stmt" count="24"/>
        <line num="101" type="stmt" count="24"/>
        <line num="102" type="stmt" count="24"/>
        <line num="103" type="stmt" count="24"/>
        <line num="104" type="stmt" count="24"/>
        <line num="105" type="stmt" count="24"/>
        <line num="106" type="stmt" count="24"/>
        <line num="107" type="stmt" count="24"/>
        <line num="108" type="stmt" count="24"/>
        <line num="109" type="stmt" count="5"/>
        <line num="110" type="stmt" count="19"/>
        <line num="111" type="stmt" count="24"/>
        <line num="112" type="stmt" count="24"/>
        <line num="113" type="stmt" count="24"/>
        <line num="114" type="stmt" count="24"/>
        <line num="116" type="stmt" count="24"/>
        <line num="117" type="stmt" count="2"/>
        <line num="120" type="stmt" count="24"/>
        <line num="122" type="stmt" count="24"/>
        <line num="123" type="stmt" count="5"/>
        <line num="126" type="stmt" count="24"/>
        <line num="127" type="stmt" count="24"/>
        <line num="128" type="stmt" count="24"/>
        <line num="132" type="method" name="captureException" visibility="public" complexity="1" crap="1" count="10"/>
        <line num="134" type="stmt" count="10"/>
        <line num="138" type="method" name="captureError" visibility="public" complexity="1" crap="1" count="1"/>
        <line num="140" type="stmt" count="1"/>
        <line num="144" type="method" name="captureLog" visibility="public" complexity="5" crap="5" count="10"/>
        <line num="146" type="stmt" count="10"/>
        <line num="148" type="stmt" count="10"/>
        <line num="149" type="stmt" count="9"/>
        <line num="150" type="stmt" count="9"/>
        <line num="151" type="stmt" count="10"/>
        <line num="153" type="stmt" count="3"/>
        <line num="156" type="stmt" count="9"/>
        <line num="157" type="stmt" count="9"/>
        <line num="158" type="stmt" count="9"/>
        <line num="159" type="stmt" count="9"/>
        <line num="160" type="stmt" count="9"/>
        <line num="162" type="stmt" count="9"/>
        <line num="170" type="method" name="captureRequest" visibility="public" complexity="9" crap="9.02" count="8"/>
        <line num="172" type="stmt" count="8"/>
        <line num="173" type="stmt" count="2"/>
        <line num="176" type="stmt" count="7"/>
        <line num="177" type="stmt" count="7"/>
        <line num="178" type="stmt" count="7"/>
        <line num="180" type="stmt" count="7"/>
        <line num="181" type="stmt" count="7"/>
        <line num="182" type="stmt" count="7"/>
        <line num="183" type="stmt" count="7"/>
        <line num="184" type="stmt" count="7"/>
        <line num="185" type="stmt" count="7"/>
        <line num="186" type="stmt" count="7"/>
        <line num="187" type="stmt" count="7"/>
        <line num="189" type="stmt" count="7"/>
        <line num="190" type="stmt" count="7"/>
        <line num="191" type="stmt" count="0"/>
        <line num="194" type="stmt" count="7"/>
        <line num="198" type="method" name="captureMessage" visibility="public" complexity="1" crap="1" count="8"/>
        <line num="200" type="stmt" count="8"/>
        <line num="203" type="method" name="setContext" visibility="public" complexity="1" crap="1" count="1"/>
        <line num="205" type="stmt" count="1"/>
        <line num="209" type="method" name="probe" visibility="public" complexity="11" crap="11.39" count="4"/>
        <line num="211" type="stmt" count="4"/>
        <line num="212" type="stmt" count="0"/>
        <line num="215" type="stmt" count="4"/>
        <line num="216" type="stmt" count="4"/>
        <line num="217" type="stmt" count="4"/>
        <line num="218" type="stmt" count="2"/>
        <line num="221" type="stmt" count="4"/>
        <line num="222" type="stmt" count="0"/>
        <line num="225" type="stmt" count="4"/>
        <line num="226" type="stmt" count="4"/>
        <line num="227" type="stmt" count="0"/>
        <line num="230" type="stmt" count="4"/>
        <line num="232" type="stmt" count="4"/>
        <line num="233" type="stmt" count="2"/>
        <line num="234" type="stmt" count="2"/>
        <line num="237" type="stmt" count="3"/>
        <line num="238" type="stmt" count="3"/>
        <line num="239" type="stmt" count="3"/>
        <line num="240" type="stmt" count="3"/>
        <line num="241" type="stmt" count="3"/>
        <line num="242" type="stmt" count="3"/>
        <line num="244" type="stmt" count="3"/>
        <line num="245" type="stmt" count="3"/>
        <line num="246" type="stmt" count="3"/>
        <line num="247" type="stmt" count="0"/>
        <line num="250" type="stmt" count="3"/>
        <line num="251" type="stmt" count="3"/>
        <line num="254" type="method" name="refreshRemoteConfig" visibility="public" complexity="20" crap="30.80" count="5"/>
        <line num="256" type="stmt" count="5"/>
        <line num="257" type="stmt" count="0"/>
        <line num="260" type="stmt" count="5"/>
        <line num="261" type="stmt" count="5"/>
        <line num="262" type="stmt" count="5"/>
        <line num="263" type="stmt" count="5"/>
        <line num="264" type="stmt" count="5"/>
        <line num="265" type="stmt" count="1"/>
        <line num="268" type="stmt" count="5"/>
        <line num="271" type="stmt" count="5"/>
        <line num="272" type="stmt" count="1"/>
        <line num="273" type="stmt" count="1"/>
        <line num="274" type="stmt" count="1"/>
        <line num="275" type="stmt" count="1"/>
        <line num="276" type="stmt" count="1"/>
        <line num="278" type="stmt" count="1"/>
        <line num="281" type="stmt" count="4"/>
        <line num="282" type="stmt" count="4"/>
        <line num="283" type="stmt" count="0"/>
        <line num="284" type="stmt" count="4"/>
        <line num="285" type="stmt" count="1"/>
        <line num="287" type="stmt" count="4"/>
        <line num="288" type="stmt" count="0"/>
        <line num="289" type="stmt" count="0"/>
        <line num="290" type="stmt" count="0"/>
        <line num="291" type="stmt" count="0"/>
        <line num="293" type="stmt" count="0"/>
        <line num="296" type="stmt" count="4"/>
        <line num="297" type="stmt" count="4"/>
        <line num="298" type="stmt" count="4"/>
        <line num="299" type="stmt" count="0"/>
        <line num="300" type="stmt" count="0"/>
        <line num="301" type="stmt" count="0"/>
        <line num="302" type="stmt" count="0"/>
        <line num="304" type="stmt" count="0"/>
        <line num="307" type="stmt" count="4"/>
        <line num="308" type="stmt" count="4"/>
        <line num="309" type="stmt" count="4"/>
        <line num="310" type="stmt" count="4"/>
        <line num="311" type="stmt" count="4"/>
        <line num="314" type="method" name="flush" visibility="public" complexity="12" crap="12.74" count="23"/>
        <line num="316" type="stmt" count="23"/>
        <line num="317" type="stmt" count="2"/>
        <line num="320" type="stmt" count="21"/>
        <line num="321" type="stmt" count="21"/>
        <line num="322" type="stmt" count="2"/>
        <line num="325" type="stmt" count="21"/>
        <line num="326" type="stmt" count="21"/>
        <line num="327" type="stmt" count="1"/>
        <line num="330" type="stmt" count="21"/>
        <line num="331" type="stmt" count="21"/>
        <line num="332" type="stmt" count="0"/>
        <line num="335" type="stmt" count="21"/>
        <line num="337" type="stmt" count="21"/>
        <line num="338" type="stmt" count="21"/>
        <line num="339" type="stmt" count="21"/>
        <line num="340" type="stmt" count="21"/>
        <line num="341" type="stmt" count="0"/>
        <line num="342" type="stmt" count="0"/>
        <line num="345" type="stmt" count="21"/>
        <line num="346" type="stmt" count="21"/>
        <line num="347" type="stmt" count="21"/>
        <line num="348" type="stmt" count="21"/>
        <line num="351" type="stmt" count="2"/>
        <line num="352" type="stmt" count="1"/>
        <line num="353" type="stmt" count="1"/>
        <line num="354" type="stmt" count="1"/>
        <line num="357" type="stmt" count="1"/>
        <line num="358" type="stmt" count="0"/>
        <line num="359" type="stmt" count="0"/>
        <line num="363" type="method" name="captureErrors" visibility="public" complexity="2" crap="2" count="24"/>
        <line num="365" type="stmt" count="24"/>
        <line num="366" type="stmt" count="2"/>
        <line num="369" type="stmt" count="24"/>
        <line num="370" type="stmt" count="1"/>
        <line num="371" type="stmt" count="1"/>
        <line num="372" type="stmt" count="24"/>
        <line num="373" type="stmt" count="24"/>
        <line num="376" type="method" name="captureExceptions" visibility="public" complexity="2" crap="2" count="24"/>
        <line num="378" type="stmt" count="24"/>
        <line num="379" type="stmt" count="2"/>
        <line num="382" type="stmt" count="24"/>
        <line num="383" type="stmt" count="1"/>
        <line num="384" type="stmt" count="1"/>
        <line num="385" type="stmt" count="24"/>
        <line num="386" type="stmt" count="24"/>
        <line num="389" type="method" name="captureShutdown" visibility="public" complexity="2" crap="2.02" count="24"/>
        <line num="391" type="stmt" count="24"/>
        <line num="392" type="stmt" count="2"/>
        <line num="395" type="stmt" count="24"/>
        <line num="396" type="stmt" count="0"/>
        <line num="397" type="stmt" count="24"/>
        <line num="398" type="stmt" count="24"/>
        <line num="401" type="method" name="reset" visibility="public" complexity="4" crap="4" count="26"/>
        <line num="403" type="stmt" count="26"/>
        <line num="404" type="stmt" count="24"/>
        <line num="407" type="stmt" count="26"/>
        <line num="408" type="stmt" count="24"/>
        <line num="411" type="stmt" count="26"/>
        <line num="412" type="stmt" count="26"/>
        <line num="413" type="stmt" count="26"/>
        <line num="414" type="stmt" count="2"/>
        <line num="415" type="stmt" count="2"/>
        <line num="416" type="stmt" count="2"/>
        <line num="417" type="stmt" count="2"/>
        <line num="418" type="stmt" count="2"/>
        <line num="420" type="stmt" count="26"/>
        <line num="421" type="stmt" count="26"/>
        <line num="422" type="stmt" count="26"/>
        <line num="423" type="stmt" count="26"/>
        <line num="424" type="stmt" count="26"/>
        <line num="425" type="stmt" count="26"/>
        <line num="426" type="stmt" count="26"/>
        <line num="427" type="stmt" count="26"/>
        <line num="428" type="stmt" count="26"/>
        <line num="429" type="stmt" count="26"/>
        <line num="430" type="stmt" count="26"/>
        <line num="431" type="stmt" count="26"/>
        <line num="435" type="method" name="handleShutdown" visibility="private" complexity="3" crap="3" count="1"/>
        <line num="437" type="stmt" count="1"/>
        <line num="438" type="stmt" count="1"/>
        <line num="439" type="stmt" count="1"/>
        <line num="440" type="stmt" count="1"/>
        <line num="441" type="stmt" count="1"/>
        <line num="442" type="stmt" count="1"/>
        <line num="443" type="stmt" count="1"/>
        <line num="444" type="stmt" count="1"/>
        <line num="445" type="stmt" count="1"/>
        <line num="446" type="stmt" count="1"/>
        <line num="447" type="stmt" count="1"/>
        <line num="448" type="stmt" count="1"/>
        <line num="451" type="stmt" count="1"/>
        <line num="455" type="method" name="captureExceptionInternal" visibility="private" complexity="6" crap="6" count="13"/>
        <line num="457" type="stmt" count="13"/>
        <line num="458" type="stmt" count="1"/>
        <line num="461" type="stmt" count="12"/>
        <line num="462" type="stmt" count="12"/>
        <line num="463" type="stmt" count="12"/>
        <line num="464" type="stmt" count="12"/>
        <line num="465" type="stmt" count="12"/>
        <line num="466" type="stmt" count="12"/>
        <line num="467" type="stmt" count="12"/>
        <line num="468" type="stmt" count="12"/>
        <line num="469" type="stmt" count="12"/>
        <line num="470" type="stmt" count="12"/>
        <line num="472" type="stmt" count="12"/>
        <line num="473" type="stmt" count="12"/>
        <line num="474" type="stmt" count="12"/>
        <line num="475" type="stmt" count="3"/>
        <line num="479" type="stmt" count="12"/>
        <line num="480" type="stmt" count="12"/>
        <line num="481" type="stmt" count="12"/>
        <line num="482" type="stmt" count="2"/>
        <line num="485" type="stmt" count="12"/>
        <line num="489" type="method" name="enqueueEvent" visibility="private" complexity="2" crap="2" count="21"/>
        <line num="491" type="stmt" count="21"/>
        <line num="492" type="stmt" count="21"/>
        <line num="493" type="stmt" count="1"/>
        <line num="497" type="method" name="appendSuppressionAggregates" visibility="private" complexity="2" crap="2" count="21"/>
        <line num="499" type="stmt" count="21"/>
        <line num="500" type="stmt" count="2"/>
        <line num="508" type="method" name="baseEvent" visibility="private" complexity="2" crap="2" count="21"/>
        <line num="510" type="stmt" count="21"/>
        <line num="511" type="stmt" count="21"/>
        <line num="512" type="stmt" count="21"/>
        <line num="513" type="stmt" count="21"/>
        <line num="514" type="stmt" count="21"/>
        <line num="515" type="stmt" count="21"/>
        <line num="516" type="stmt" count="21"/>
        <line num="517" type="stmt" count="21"/>
        <line num="518" type="stmt" count="21"/>
        <line num="519" type="stmt" count="21"/>
        <line num="520" type="stmt" count="21"/>
        <line num="521" type="stmt" count="21"/>
        <line num="522" type="stmt" count="21"/>
        <line num="523" type="stmt" count="21"/>
        <line num="524" type="stmt" count="21"/>
        <line num="525" type="stmt" count="21"/>
        <line num="526" type="stmt" count="21"/>
        <line num="527" type="stmt" count="21"/>
        <line num="528" type="stmt" count="21"/>
        <line num="529" type="stmt" count="21"/>
        <line num="530" type="stmt" count="21"/>
        <line num="532" type="stmt" count="21"/>
        <line num="533" type="stmt" count="1"/>
        <line num="536" type="stmt" count="21"/>
        <line num="540" type="method" name="buildRequestPayload" visibility="private" complexity="5" crap="5" count="12"/>
        <line num="542" type="stmt" count="12"/>
        <line num="543" type="stmt" count="7"/>
        <line num="546" type="stmt" count="5"/>
        <line num="547" type="stmt" count="5"/>
        <line num="548" type="stmt" count="5"/>
        <line num="549" type="stmt" count="5"/>
        <line num="550" type="stmt" count="5"/>
        <line num="551" type="stmt" count="5"/>
        <line num="552" type="stmt" count="5"/>
        <line num="556" type="method" name="buildResponsePayload" visibility="private" complexity="3" crap="3" count="12"/>
        <line num="558" type="stmt" count="12"/>
        <line num="559" type="stmt" count="9"/>
        <line num="562" type="stmt" count="3"/>
        <line num="563" type="stmt" count="3"/>
        <line num="564" type="stmt" count="3"/>
        <line num="568" type="method" name="buildProbeData" visibility="private" complexity="4" crap="4" count="12"/>
        <line num="570" type="stmt" count="12"/>
        <line num="571" type="stmt" count="9"/>
        <line num="574" type="stmt" count="3"/>
        <line num="575" type="stmt" count="3"/>
        <line num="576" type="stmt" count="3"/>
        <line num="577" type="stmt" count="3"/>
        <line num="581" type="stmt" count="3"/>
        <line num="582" type="stmt" count="3"/>
        <line num="583" type="stmt" count="3"/>
        <line num="584" type="stmt" count="3"/>
        <line num="591" type="method" name="emitProbeEvents" visibility="private" complexity="3" crap="3.01" count="4"/>
        <line num="593" type="stmt" count="4"/>
        <line num="594" type="stmt" count="0"/>
        <line num="597" type="stmt" count="4"/>
        <line num="598" type="stmt" count="2"/>
        <line num="599" type="stmt" count="2"/>
        <line num="600" type="stmt" count="2"/>
        <line num="601" type="stmt" count="2"/>
        <line num="602" type="stmt" count="2"/>
        <line num="603" type="stmt" count="2"/>
        <line num="609" type="method" name="buildRedactFields" visibility="private" complexity="6" crap="7.90" count="26"/>
        <line num="611" type="stmt" count="26"/>
        <line num="612" type="stmt" count="26"/>
        <line num="613" type="stmt" count="26"/>
        <line num="616" type="stmt" count="26"/>
        <line num="617" type="stmt" count="0"/>
        <line num="618" type="stmt" count="0"/>
        <line num="619" type="stmt" count="0"/>
        <line num="624" type="stmt" count="26"/>
        <line num="631" type="method" name="redactArray" visibility="private" complexity="1" crap="1" count="21"/>
        <line num="634" type="stmt" count="21"/>
        <line num="635" type="stmt" count="21"/>
        <line num="642" type="method" name="normalizeMap" visibility="private" complexity="2" crap="2" count="14"/>
        <line num="644" type="stmt" count="14"/>
        <line num="645" type="stmt" count="10"/>
        <line num="648" type="stmt" count="9"/>
        <line num="651" type="method" name="stringifyThrowable" visibility="private" complexity="1" crap="1" count="12"/>
        <line num="653" type="stmt" count="12"/>
        <line num="656" type="method" name="effectiveLogThreshold" visibility="private" complexity="2" crap="2" count="9"/>
        <line num="658" type="stmt" count="9"/>
        <line num="659" type="stmt" count="1"/>
        <line num="660" type="stmt" count="9"/>
        <line num="664" type="method" name="shouldCaptureRequestEvent" visibility="private" complexity="6" crap="6" count="8"/>
        <line num="666" type="stmt" count="8"/>
        <line num="667" type="stmt" count="1"/>
        <line num="668" type="stmt" count="1"/>
        <line num="669" type="stmt" count="8"/>
        <line num="670" type="stmt" count="8"/>
        <line num="673" type="method" name="passesSampleRate" visibility="private" complexity="3" crap="4.94" count="20"/>
        <line num="675" type="stmt" count="20"/>
        <line num="676" type="stmt" count="20"/>
        <line num="679" type="stmt" count="0"/>
        <line num="680" type="stmt" count="0"/>
        <line num="683" type="stmt" count="0"/>
        <line num="686" type="method" name="levelEnabled" visibility="private" complexity="1" crap="1" count="9"/>
        <line num="688" type="stmt" count="9"/>
        <line num="691" type="method" name="normalizeLevel" visibility="private" complexity="6" crap="8.83" count="24"/>
        <line num="693" type="stmt" count="24"/>
        <line num="695" type="stmt" count="24"/>
        <line num="696" type="stmt" count="0"/>
        <line num="697" type="stmt" count="0"/>
        <line num="698" type="stmt" count="0"/>
        <line num="699" type="stmt" count="24"/>
        <line num="700" type="stmt" count="24"/>
        <line num="703" type="method" name="uuidV4" visibility="private" complexity="1" crap="1" count="21"/>
        <line num="705" type="stmt" count="21"/>
        <line num="706" type="stmt" count="21"/>
        <line num="707" type="stmt" count="21"/>
        <line num="709" type="stmt" count="21"/>
        <line num="712" type="method" name="isoNow" visibility="private" complexity="1" crap="1" count="21"/>
        <line num="714" type="stmt" count="21"/>
        <line num="717" type="method" name="now" visibility="private" complexity="1" crap="1" count="22"/>
        <line num="719" type="stmt" count="22"/>
        <line num="720" type="stmt" count="22"/>
        <line num="724" type="method" name="findMatchingProbeDirectives" visibility="private" complexity="3" crap="3" count="4"/>
        <line num="726" type="stmt" count="4"/>
        <line num="727" type="stmt" count="2"/>
        <line num="730" type="stmt" count="2"/>
        <line num="731" type="stmt" count="2"/>
        <line num="732" type="stmt" count="2"/>
        <line num="733" type="stmt" count="2"/>
        <line num="734" type="stmt" count="2"/>
        <line num="735" type="stmt" count="2"/>
        <line num="736" type="stmt" count="2"/>
        <line num="739" type="method" name="attachLoggerIntegration" visibility="private" complexity="2" crap="2" count="24"/>
        <line num="741" type="stmt" count="24"/>
        <line num="742" type="stmt" count="22"/>
        <line num="745" type="stmt" count="2"/>
        <line num="746" type="stmt" count="2"/>
        <line num="747" type="stmt" count="2"/>
        <line num="748" type="stmt" count="2"/>
        <line num="749" type="stmt" count="2"/>
        <line num="750" type="stmt" count="2"/>
        <metrics loc="752" ncloc="708" classes="1" methods="38" coveredmethods="28" conditionals="0" coveredconditionals="0" statements="370" coveredstatements="336" elements="408" coveredelements="364"/>
      </file>
      <file name="/app/src/Redaction.php">
        <class name="DebugBundle\Redaction" namespace="DebugBundle">
          <metrics complexity="5" methods="1" coveredmethods="1" conditionals="0" coveredconditionals="0" statements="9" coveredstatements="9" elements="10" coveredelements="10"/>
        </class>
        <line num="23" type="method" name="redactValue" visibility="public" complexity="5" crap="5" count="21"/>
        <line num="25" type="stmt" count="21"/>
        <line num="26" type="stmt" count="21"/>
        <line num="27" type="stmt" count="21"/>
        <line num="28" type="stmt" count="12"/>
        <line num="29" type="stmt" count="4"/>
        <line num="30" type="stmt" count="4"/>
        <line num="33" type="stmt" count="12"/>
        <line num="36" type="stmt" count="21"/>
        <line num="39" type="stmt" count="12"/>
        <metrics loc="41" ncloc="39" classes="1" methods="1" coveredmethods="1" conditionals="0" coveredconditionals="0" statements="9" coveredstatements="9" elements="10" coveredelements="10"/>
      </file>
      <file name="/app/src/RemoteConfig.php">
        <class name="DebugBundle\CapturePolicy" namespace="DebugBundle">
          <metrics complexity="1" methods="1" coveredmethods="1" conditionals="0" coveredconditionals="0" statements="1" coveredstatements="1" elements="2" coveredelements="2"/>
        </class>
        <class name="DebugBundle\RemoteProbeDirective" namespace="DebugBundle">
          <metrics complexity="1" methods="1" coveredmethods="1" conditionals="0" coveredconditionals="0" statements="1" coveredstatements="1" elements="2" coveredelements="2"/>
        </class>
        <class name="DebugBundle\RemoteConfigSnapshot" namespace="DebugBundle">
          <metrics complexity="1" methods="1" coveredmethods="1" conditionals="0" coveredconditionals="0" statements="1" coveredstatements="1" elements="2" coveredelements="2"/>
        </class>
        <class name="DebugBundle\RemoteConfig" namespace="DebugBundle">
          <metrics complexity="46" methods="9" coveredmethods="3" conditionals="0" coveredconditionals="0" statements="97" coveredstatements="80" elements="106" coveredelements="83"/>
        </class>
        <line num="9" type="method" name="__construct" visibility="public" complexity="1" crap="1" count="26"/>
        <line num="16" type="stmt" count="26"/>
        <line num="21" type="method" name="__construct" visibility="public" complexity="1" crap="1" count="2"/>
        <line num="28" type="stmt" count="2"/>
        <line num="34" type="method" name="__construct" visibility="public" complexity="1" crap="1" count="4"/>
        <line num="41" type="stmt" count="4"/>
        <line num="48" type="method" name="balancedCapturePolicy" visibility="public" complexity="1" crap="1" count="26"/>
        <line num="50" type="stmt" count="26"/>
        <line num="51" type="stmt" count="26"/>
        <line num="52" type="stmt" count="26"/>
        <line num="53" type="stmt" count="26"/>
        <line num="54" type="stmt" count="26"/>
        <line num="55" type="stmt" count="26"/>
        <line num="56" type="stmt" count="26"/>
        <line num="59" type="method" name="minimalCapturePolicy" visibility="public" complexity="1" crap="1" count="1"/>
        <line num="61" type="stmt" count="1"/>
        <line num="62" type="stmt" count="1"/>
        <line num="63" type="stmt" count="1"/>
        <line num="64" type="stmt" count="1"/>
        <line num="65" type="stmt" count="1"/>
        <line num="66" type="stmt" count="1"/>
        <line num="67" type="stmt" count="1"/>
        <line num="70" type="method" name="parseRemoteConfig" visibility="public" complexity="11" crap="11.24" count="4"/>
        <line num="72" type="stmt" count="4"/>
        <line num="73" type="stmt" count="0"/>
        <line num="76" type="stmt" count="4"/>
        <line num="77" type="stmt" count="4"/>
        <line num="78" type="stmt" count="4"/>
        <line num="79" type="stmt" count="4"/>
        <line num="80" type="stmt" count="4"/>
        <line num="81" type="stmt" count="0"/>
        <line num="83" type="stmt" count="4"/>
        <line num="84" type="stmt" count="4"/>
        <line num="85" type="stmt" count="4"/>
        <line num="86" type="stmt" count="2"/>
        <line num="87" type="stmt" count="2"/>
        <line num="88" type="stmt" count="2"/>
        <line num="93" type="stmt" count="4"/>
        <line num="94" type="stmt" count="4"/>
        <line num="95" type="stmt" count="0"/>
        <line num="98" type="stmt" count="4"/>
        <line num="99" type="stmt" count="4"/>
        <line num="100" type="stmt" count="4"/>
        <line num="101" type="stmt" count="4"/>
        <line num="102" type="stmt" count="4"/>
        <line num="103" type="stmt" count="4"/>
        <line num="104" type="stmt" count="4"/>
        <line num="111" type="method" name="findMatchingRemoteProbeDirectives" visibility="public" complexity="8" crap="8.38" count="2"/>
        <line num="118" type="stmt" count="2"/>
        <line num="119" type="stmt" count="2"/>
        <line num="120" type="stmt" count="2"/>
        <line num="121" type="stmt" count="1"/>
        <line num="123" type="stmt" count="2"/>
        <line num="124" type="stmt" count="0"/>
        <line num="126" type="stmt" count="2"/>
        <line num="127" type="stmt" count="0"/>
        <line num="129" type="stmt" count="2"/>
        <line num="130" type="stmt" count="2"/>
        <line num="134" type="stmt" count="2"/>
        <line num="137" type="method" name="expiresAtMs" visibility="public" complexity="3" crap="3.58" count="2"/>
        <line num="140" type="stmt" count="2"/>
        <line num="141" type="stmt" count="2"/>
        <line num="142" type="stmt" count="2"/>
        <line num="143" type="stmt" count="0"/>
        <line num="144" type="stmt" count="0"/>
        <line num="148" type="method" name="parseCapturePolicy" visibility="private" complexity="7" crap="7.44" count="4"/>
        <line num="150" type="stmt" count="4"/>
        <line num="151" type="stmt" count="1"/>
        <line num="153" type="stmt" count="3"/>
        <line num="154" type="stmt" count="0"/>
        <line num="157" type="stmt" count="3"/>
        <line num="158" type="stmt" count="3"/>
        <line num="159" type="stmt" count="3"/>
        <line num="160" type="stmt" count="3"/>
        <line num="161" type="stmt" count="3"/>
        <line num="163" type="stmt" count="3"/>
        <line num="164" type="stmt" count="0"/>
        <line num="166" type="stmt" count="3"/>
        <line num="167" type="stmt" count="0"/>
        <line num="169" type="stmt" count="3"/>
        <line num="170" type="stmt" count="0"/>
        <line num="172" type="stmt" count="3"/>
        <line num="173" type="stmt" count="0"/>
        <line num="176" type="stmt" count="3"/>
        <line num="177" type="stmt" count="3"/>
        <line num="178" type="stmt" count="3"/>
        <line num="179" type="stmt" count="3"/>
        <line num="180" type="stmt" count="3"/>
        <line num="181" type="stmt" count="3"/>
        <line num="182" type="stmt" count="3"/>
        <line num="185" type="method" name="parseDirective" visibility="private" complexity="8" crap="9.00" count="2"/>
        <line num="187" type="stmt" count="2"/>
        <line num="188" type="stmt" count="0"/>
        <line num="191" type="stmt" count="2"/>
        <line num="192" type="stmt" count="2"/>
        <line num="193" type="stmt" count="2"/>
        <line num="194" type="stmt" count="2"/>
        <line num="195" type="stmt" count="2"/>
        <line num="197" type="stmt" count="2"/>
        <line num="198" type="stmt" count="0"/>
        <line num="200" type="stmt" count="2"/>
        <line num="201" type="stmt" count="0"/>
        <line num="204" type="stmt" count="2"/>
        <line num="207" type="method" name="matchesLabelPattern" visibility="private" complexity="4" crap="4.59" count="2"/>
        <line num="209" type="stmt" count="2"/>
        <line num="210" type="stmt" count="0"/>
        <line num="212" type="stmt" count="2"/>
        <line num="213" type="stmt" count="2"/>
        <line num="214" type="stmt" count="2"/>
        <line num="217" type="stmt" count="0"/>
        <line num="220" type="method" name="asNonEmptyString" visibility="private" complexity="3" crap="3" count="3"/>
        <line num="222" type="stmt" count="3"/>
        <metrics loc="224" ncloc="219" classes="4" methods="12" coveredmethods="6" conditionals="0" coveredconditionals="0" statements="100" coveredstatements="83" elements="112" coveredelements="89"/>
      </file>
      <file name="/app/src/Suppression.php">
        <class name="DebugBundle\Suppression" namespace="DebugBundle">
          <metrics complexity="20" methods="4" coveredmethods="4" conditionals="0" coveredconditionals="0" statements="74" coveredstatements="74" elements="78" coveredelements="78"/>
        </class>
        <line num="19" type="method" name="shouldCapture" visibility="public" complexity="9" crap="9" count="15"/>
        <line num="21" type="stmt" count="15"/>
        <line num="22" type="stmt" count="15"/>
        <line num="23" type="stmt" count="15"/>
        <line num="24" type="stmt" count="15"/>
        <line num="25" type="stmt" count="15"/>
        <line num="26" type="stmt" count="15"/>
        <line num="27" type="stmt" count="15"/>
        <line num="28" type="stmt" count="15"/>
        <line num="29" type="stmt" count="15"/>
        <line num="30" type="stmt" count="15"/>
        <line num="31" type="stmt" count="15"/>
        <line num="32" type="stmt" count="15"/>
        <line num="33" type="stmt" count="15"/>
        <line num="36" type="stmt" count="15"/>
        <line num="38" type="stmt" count="15"/>
        <line num="39" type="stmt" count="1"/>
        <line num="40" type="stmt" count="1"/>
        <line num="41" type="stmt" count="1"/>
        <line num="42" type="stmt" count="1"/>
        <line num="43" type="stmt" count="1"/>
        <line num="44" type="stmt" count="1"/>
        <line num="45" type="stmt" count="1"/>
        <line num="46" type="stmt" count="1"/>
        <line num="47" type="stmt" count="1"/>
        <line num="48" type="stmt" count="1"/>
        <line num="49" type="stmt" count="1"/>
        <line num="50" type="stmt" count="1"/>
        <line num="51" type="stmt" count="1"/>
        <line num="54" type="stmt" count="15"/>
        <line num="55" type="stmt" count="1"/>
        <line num="56" type="stmt" count="1"/>
        <line num="59" type="stmt" count="15"/>
        <line num="60" type="stmt" count="3"/>
        <line num="61" type="stmt" count="3"/>
        <line num="64" type="stmt" count="15"/>
        <line num="65" type="stmt" count="15"/>
        <line num="67" type="stmt" count="15"/>
        <line num="68" type="stmt" count="2"/>
        <line num="71" type="stmt" count="15"/>
        <line num="72" type="stmt" count="2"/>
        <line num="73" type="stmt" count="2"/>
        <line num="76" type="stmt" count="15"/>
        <line num="77" type="stmt" count="15"/>
        <line num="78" type="stmt" count="15"/>
        <line num="81" type="stmt" count="5"/>
        <line num="82" type="stmt" count="5"/>
        <line num="86" type="method" name="drainAggregates" visibility="public" complexity="8" crap="8" count="23"/>
        <line num="88" type="stmt" count="23"/>
        <line num="90" type="stmt" count="23"/>
        <line num="91" type="stmt" count="14"/>
        <line num="92" type="stmt" count="10"/>
        <line num="96" type="stmt" count="4"/>
        <line num="97" type="stmt" count="4"/>
        <line num="98" type="stmt" count="4"/>
        <line num="100" type="stmt" count="1"/>
        <line num="103" type="stmt" count="4"/>
        <line num="104" type="stmt" count="4"/>
        <line num="105" type="stmt" count="4"/>
        <line num="106" type="stmt" count="4"/>
        <line num="107" type="stmt" count="4"/>
        <line num="108" type="stmt" count="4"/>
        <line num="109" type="stmt" count="4"/>
        <line num="110" type="stmt" count="4"/>
        <line num="111" type="stmt" count="4"/>
        <line num="112" type="stmt" count="4"/>
        <line num="114" type="stmt" count="4"/>
        <line num="115" type="stmt" count="4"/>
        <line num="116" type="stmt" count="4"/>
        <line num="117" type="stmt" count="4"/>
        <line num="120" type="stmt" count="23"/>
        <line num="124" type="method" name="markSuppressed" visibility="private" complexity="2" crap="2" count="5"/>
        <line num="126" type="stmt" count="5"/>
        <line num="127" type="stmt" count="5"/>
        <line num="130" type="stmt" count="5"/>
        <line num="131" type="stmt" count="5"/>
        <line num="134" type="method" name="toIso" visibility="private" complexity="1" crap="1" count="4"/>
        <line num="136" type="stmt" count="4"/>
        <metrics loc="138" ncloc="135" classes="1" methods="4" coveredmethods="4" conditionals="0" coveredconditionals="0" statements="74" coveredstatements="74" elements="78" coveredelements="78"/>
      </file>
    </package>
    <package name="DebugBundle\Framework\Laravel">
      <file name="/app/src/Framework/Laravel/DebugBundleMiddleware.php">
        <class name="DebugBundle\Framework\Laravel\DebugBundleMiddleware" namespace="DebugBundle\Framework\Laravel">
          <metrics complexity="7" methods="4" coveredmethods="3" conditionals="0" coveredconditionals="0" statements="28" coveredstatements="27" elements="32" coveredelements="30"/>
        </class>
        <line num="16" type="method" name="__construct" visibility="public" complexity="2" crap="2.06" count="2"/>
        <line num="18" type="stmt" count="2"/>
        <line num="19" type="stmt" count="2"/>
        <line num="20" type="stmt" count="0"/>
        <line num="21" type="stmt" count="2"/>
        <line num="26" type="method" name="handle" visibility="public" complexity="3" crap="3" count="2"/>
        <line num="28" type="stmt" count="2"/>
        <line num="31" type="stmt" count="2"/>
        <line num="32" type="stmt" count="1"/>
        <line num="33" type="stmt" count="1"/>
        <line num="34" type="stmt" count="1"/>
        <line num="35" type="stmt" count="1"/>
        <line num="36" type="stmt" count="1"/>
        <line num="39" type="stmt" count="1"/>
        <line num="40" type="stmt" count="1"/>
        <line num="41" type="stmt" count="1"/>
        <line num="42" type="stmt" count="1"/>
        <line num="43" type="stmt" count="1"/>
        <line num="44" type="stmt" count="1"/>
        <line num="45" type="stmt" count="1"/>
        <line num="46" type="stmt" count="1"/>
        <line num="49" type="stmt" count="1"/>
        <line num="53" type="method" name="normalizeRequest" visibility="private" complexity="1" crap="1" count="2"/>
        <line num="55" type="stmt" count="2"/>
        <line num="56" type="stmt" count="2"/>
        <line num="57" type="stmt" count="2"/>
        <line num="58" type="stmt" count="2"/>
        <line num="59" type="stmt" count="2"/>
        <line num="60" type="stmt" count="2"/>
        <line num="63" type="method" name="now" visibility="private" complexity="1" crap="1" count="2"/>
        <line num="65" type="stmt" count="2"/>
        <line num="66" type="stmt" count="2"/>
        <metrics loc="68" ncloc="66" classes="1" methods="4" coveredmethods="3" conditionals="0" coveredconditionals="0" statements="28" coveredstatements="27" elements="32" coveredelements="30"/>
      </file>
      <file name="/app/src/Framework/Laravel/DebugBundleServiceProvider.php">
        <class name="DebugBundle\Framework\Laravel\DebugBundleServiceProvider" namespace="DebugBundle\Framework\Laravel">
          <metrics complexity="2" methods="1" coveredmethods="1" conditionals="0" coveredconditionals="0" statements="7" coveredstatements="7" elements="8" coveredelements="8"/>
        </class>
        <line num="12" type="method" name="register" visibility="public" complexity="2" crap="2" count="3"/>
        <line num="14" type="stmt" count="3"/>
        <line num="15" type="stmt" count="2"/>
        <line num="16" type="stmt" count="2"/>
        <line num="17" type="stmt" count="2"/>
        <line num="18" type="stmt" count="1"/>
        <line num="21" type="stmt" count="2"/>
        <line num="22" type="stmt" count="3"/>
        <metrics loc="24" ncloc="24" classes="1" methods="1" coveredmethods="1" conditionals="0" coveredconditionals="0" statements="7" coveredstatements="7" elements="8" coveredelements="8"/>
      </file>
    </package>
    <package name="DebugBundle\Framework\Symfony">
      <file name="/app/src/Framework/Symfony/DebugBundleBundle.php">
        <class name="DebugBundle\Framework\Symfony\DebugBundleBundle" namespace="DebugBundle\Framework\Symfony">
          <metrics complexity="1" methods="1" coveredmethods="1" conditionals="0" coveredconditionals="0" statements="1" coveredstatements="1" elements="2" coveredelements="2"/>
        </class>
        <line num="12" type="method" name="build" visibility="public" complexity="1" crap="1" count="1"/>
        <line num="14" type="stmt" count="1"/>
        <metrics loc="16" ncloc="16" classes="1" methods="1" coveredmethods="1" conditionals="0" coveredconditionals="0" statements="1" coveredstatements="1" elements="2" coveredelements="2"/>
      </file>
      <file name="/app/src/Framework/Symfony/DebugBundleEventSubscriber.php">
        <class name="DebugBundle\Framework\Symfony\DebugBundleEventSubscriber" namespace="DebugBundle\Framework\Symfony">
          <metrics complexity="12" methods="7" coveredmethods="6" conditionals="0" coveredconditionals="0" statements="37" coveredstatements="36" elements="44" coveredelements="42"/>
        </class>
        <line num="22" type="method" name="__construct" visibility="public" complexity="2" crap="2.06" count="2"/>
        <line num="24" type="stmt" count="2"/>
        <line num="25" type="stmt" count="2"/>
        <line num="26" type="stmt" count="0"/>
        <line num="27" type="stmt" count="2"/>
        <line num="33" type="method" name="getSubscribedEvents" visibility="public" complexity="1" crap="1" count="1"/>
        <line num="35" type="stmt" count="1"/>
        <line num="36" type="stmt" count="1"/>
        <line num="37" type="stmt" count="1"/>
        <line num="38" type="stmt" count="1"/>
        <line num="39" type="stmt" count="1"/>
        <line num="42" type="method" name="onKernelRequest" visibility="public" complexity="2" crap="2" count="2"/>
        <line num="44" type="stmt" count="2"/>
        <line num="45" type="stmt" count="1"/>
        <line num="48" type="stmt" count="1"/>
        <line num="51" type="method" name="onKernelResponse" visibility="public" complexity="3" crap="3" count="2"/>
        <line num="53" type="stmt" count="2"/>
        <line num="54" type="stmt" count="1"/>
        <line num="57" type="stmt" count="2"/>
        <line num="58" type="stmt" count="2"/>
        <line num="59" type="stmt" count="2"/>
        <line num="61" type="stmt" count="2"/>
        <line num="62" type="stmt" count="2"/>
        <line num="63" type="stmt" count="2"/>
        <line num="64" type="stmt" count="2"/>
        <line num="65" type="stmt" count="2"/>
        <line num="66" type="stmt" count="2"/>
        <line num="67" type="stmt" count="2"/>
        <line num="70" type="method" name="onKernelException" visibility="public" complexity="2" crap="2" count="2"/>
        <line num="72" type="stmt" count="2"/>
        <line num="73" type="stmt" count="1"/>
        <line num="76" type="stmt" count="1"/>
        <line num="77" type="stmt" count="1"/>
        <line num="78" type="stmt" count="1"/>
        <line num="82" type="method" name="normalizeRequest" visibility="private" complexity="1" crap="1" count="2"/>
        <line num="84" type="stmt" count="2"/>
        <line num="85" type="stmt" count="2"/>
        <line num="86" type="stmt" count="2"/>
        <line num="87" type="stmt" count="2"/>
        <line num="88" type="stmt" count="2"/>
        <line num="89" type="stmt" count="2"/>
        <line num="92" type="method" name="now" visibility="private" complexity="1" crap="1" count="2"/>
        <line num="94" type="stmt" count="2"/>
        <line num="95" type="stmt" count="2"/>
        <metrics loc="97" ncloc="94" classes="1" methods="7" coveredmethods="6" conditionals="0" coveredconditionals="0" statements="37" coveredstatements="36" elements="44" coveredelements="42"/>
      </file>
    </package>
    <package name="DebugBundle\Logging">
      <file name="/app/src/Logging/DebugBundleHandler.php">
        <class name="DebugBundle\Logging\DebugBundleHandler" namespace="DebugBundle\Logging">
          <metrics complexity="3" methods="2" coveredmethods="1" conditionals="0" coveredconditionals="0" statements="5" coveredstatements="4" elements="7" coveredelements="5"/>
        </class>
        <line num="14" type="method" name="__construct" visibility="public" complexity="1" crap="1" count="2"/>
        <line num="19" type="stmt" count="2"/>
        <line num="22" type="method" name="write" visibility="protected" complexity="2" crap="2.06" count="2"/>
        <line num="24" type="stmt" count="2"/>
        <line num="25" type="stmt" count="2"/>
        <line num="26" type="stmt" count="0"/>
        <line num="29" type="stmt" count="2"/>
        <metrics loc="31" ncloc="31" classes="1" methods="2" coveredmethods="1" conditionals="0" coveredconditionals="0" statements="5" coveredstatements="4" elements="7" coveredelements="5"/>
      </file>
    </package>
    <package name="DebugBundle\Transport">
      <file name="/app/src/Transport/HttpTransport.php">
        <class name="DebugBundle\Transport\HttpTransport" namespace="DebugBundle\Transport">
          <metrics complexity="7" methods="2" coveredmethods="1" conditionals="0" coveredconditionals="0" statements="28" coveredstatements="26" elements="30" coveredelements="27"/>
        </class>
        <line num="9" type="method" name="__construct" visibility="public" complexity="1" crap="1" count="4"/>
        <line num="11" type="stmt" count="4"/>
        <line num="13" type="method" name="send" visibility="public" complexity="6" crap="6.01" count="2"/>
        <line num="15" type="stmt" count="2"/>
        <line num="16" type="stmt" count="2"/>
        <line num="17" type="stmt" count="2"/>
        <line num="18" type="stmt" count="2"/>
        <line num="20" type="stmt" count="2"/>
        <line num="21" type="stmt" count="2"/>
        <line num="22" type="stmt" count="2"/>
        <line num="23" type="stmt" count="2"/>
        <line num="24" type="stmt" count="2"/>
        <line num="25" type="stmt" count="2"/>
        <line num="26" type="stmt" count="2"/>
        <line num="27" type="stmt" count="2"/>
        <line num="28" type="stmt" count="2"/>
        <line num="31" type="stmt" count="2"/>
        <line num="32" type="stmt" count="0"/>
        <line num="33" type="stmt" count="0"/>
        <line num="36" type="stmt" count="2"/>
        <line num="37" type="stmt" count="2"/>
        <line num="39" type="stmt" count="2"/>
        <line num="40" type="stmt" count="1"/>
        <line num="41" type="stmt" count="1"/>
        <line num="42" type="stmt" count="1"/>
        <line num="45" type="stmt" count="1"/>
        <line num="46" type="stmt" count="1"/>
        <line num="47" type="stmt" count="1"/>
        <line num="48" type="stmt" count="1"/>
        <line num="53" type="stmt" count="2"/>
        <metrics loc="55" ncloc="55" classes="1" methods="2" coveredmethods="1" conditionals="0" coveredconditionals="0" statements="28" coveredstatements="26" elements="30" coveredelements="27"/>
      </file>
      <file name="/app/src/Transport/TransportResponse.php">
        <class name="DebugBundle\Transport\TransportResponse" namespace="DebugBundle\Transport">
          <metrics complexity="1" methods="1" coveredmethods="1" conditionals="0" coveredconditionals="0" statements="1" coveredstatements="1" elements="2" coveredelements="2"/>
        </class>
        <line num="9" type="method" name="__construct" visibility="public" complexity="1" crap="1" count="24"/>
        <line num="13" type="stmt" count="24"/>
        <metrics loc="14" ncloc="14" classes="1" methods="1" coveredmethods="1" conditionals="0" coveredconditionals="0" statements="1" coveredstatements="1" elements="2" coveredelements="2"/>
      </file>
    </package>
    <file name="/app/src/Transport/TransportInterface.php">
      <metrics loc="11" ncloc="10" classes="0" methods="0" coveredmethods="0" conditionals="0" coveredconditionals="0" statements="0" coveredstatements="0" elements="0" coveredelements="0"/>
    </file>
    <metrics files="13" loc="1561" ncloc="1490" classes="15" methods="86" coveredmethods="66" conditionals="0" coveredconditionals="0" statements="675" coveredstatements="619" elements="761" coveredelements="685"/>
  </project>
</coverage>
